2018-12-18 12:55:50,506 [Worker-1: Loading available Gradle versions] INFO  c.g.t.t.d.PublishedGradleVersions - Gradle version information cache is up-to-date. Trying to read.
2018-12-20 10:19:16,305 [Worker-19: Loading available Gradle versions] INFO  c.g.t.t.d.PublishedGradleVersions - Gradle version information cache is out-of-date. Trying to update.
2018-12-20 10:37:28,558 [Worker-12: Loading available Gradle versions] INFO  c.g.t.t.d.PublishedGradleVersions - Gradle version information cache is up-to-date. Trying to read.
2018-12-20 10:57:16,431 [Worker-2: Loading available Gradle versions] INFO  c.g.t.t.d.PublishedGradleVersions - Gradle version information cache is up-to-date. Trying to read.
2018-12-20 14:12:56,661 [Worker-6: Loading available Gradle versions] INFO  c.g.t.t.d.PublishedGradleVersions - Gradle version information cache is up-to-date. Trying to read.
2018-12-21 14:07:07,289 [Worker-3: Loading available Gradle versions] INFO  c.g.t.t.d.PublishedGradleVersions - Gradle version information cache is out-of-date. Trying to update.
2018-12-21 21:21:07,064 [Worker-13: Loading available Gradle versions] INFO  c.g.t.t.d.PublishedGradleVersions - Gradle version information cache is up-to-date. Trying to read.
2018-12-23 11:49:46,557 [Worker-2: Loading available Gradle versions] INFO  c.g.t.t.d.PublishedGradleVersions - Gradle version information cache is out-of-date. Trying to update.
2018-12-23 15:09:36,089 [Worker-0: Loading available Gradle versions] INFO  c.g.t.t.d.PublishedGradleVersions - Gradle version information cache is up-to-date. Trying to read.
2018-12-23 18:49:39,720 [main] INFO  o.e.r.s.GitSnippetRepository - Failed to parse query
org.apache.lucene.queryParser.ParseException: Cannot parse 'MetodoPagamento = {': Encountered "<EOF>" at line 1, column 19.
Was expecting one of:
    <RANGEEX_QUOTED> ...
    <RANGEEX_GOOP> ...
    
	at org.apache.lucene.queryParser.QueryParser.parse(QueryParser.java:211) ~[org.apache.lucene.core_3.5.0.v20120725-1805.jar:3.5.0 1204988 - simon - 2011-11-22 14:46:51]
	at org.eclipse.recommenders.snipmatch.FileSnippetRepository.searchSnippetFiles(FileSnippetRepository.java:350) [org.eclipse.recommenders.snipmatch_2.5.3.v20180609-1554.jar:na]
	at org.eclipse.recommenders.snipmatch.FileSnippetRepository.doSearch(FileSnippetRepository.java:327) [org.eclipse.recommenders.snipmatch_2.5.3.v20180609-1554.jar:na]
	at org.eclipse.recommenders.snipmatch.FileSnippetRepository.search(FileSnippetRepository.java:309) [org.eclipse.recommenders.snipmatch_2.5.3.v20180609-1554.jar:na]
	at org.eclipse.recommenders.internal.snipmatch.rcp.EclipseGitSnippetRepository.search(EclipseGitSnippetRepository.java:283) [org.eclipse.recommenders.snipmatch.rcp_2.5.3.v20180609-1554.jar:na]
	at org.eclipse.recommenders.internal.snipmatch.rcp.completion.AbstractContentAssistProcessor.computeCompletionProposals(AbstractContentAssistProcessor.java:154) [org.eclipse.recommenders.snipmatch.rcp_2.5.3.v20180609-1554.jar:na]
	at org.eclipse.jface.text.contentassist.ContentAssistant$3.lambda$0(ContentAssistant.java:2016) [org.eclipse.jface.text_3.13.0.v20180527-1819.jar:na]
	at java.base/java.util.Collections$SingletonSet.forEach(Unknown Source) ~[na:na]
	at org.eclipse.jface.text.contentassist.ContentAssistant$3.run(ContentAssistant.java:2015) [org.eclipse.jface.text_3.13.0.v20180527-1819.jar:na]
	at org.eclipse.core.runtime.SafeRunner.run(SafeRunner.java:42) ~[org.eclipse.equinox.common_3.10.0.v20180412-1130.jar:na]
	at org.eclipse.jface.text.contentassist.ContentAssistant.computeCompletionProposals(ContentAssistant.java:2012) ~[org.eclipse.jface.text_3.13.0.v20180527-1819.jar:na]
	at org.eclipse.jface.text.contentassist.CompletionProposalPopup.computeProposals(CompletionProposalPopup.java:561) ~[org.eclipse.jface.text_3.13.0.v20180527-1819.jar:na]
	at org.eclipse.jface.text.contentassist.CompletionProposalPopup.handleRepeatedInvocation(CompletionProposalPopup.java:543) ~[org.eclipse.jface.text_3.13.0.v20180527-1819.jar:na]
	at org.eclipse.jface.text.contentassist.CompletionProposalPopup.incrementalComplete(CompletionProposalPopup.java:1593) ~[org.eclipse.jface.text_3.13.0.v20180527-1819.jar:na]
	at org.eclipse.jface.text.contentassist.ContentAssistant.showPossibleCompletions(ContentAssistant.java:1828) ~[org.eclipse.jface.text_3.13.0.v20180527-1819.jar:na]
	at org.eclipse.recommenders.internal.snipmatch.rcp.completion.SnipmatchCompletionEngine$6.modifyText(SnipmatchCompletionEngine.java:252) ~[na:na]
	at org.eclipse.swt.widgets.TypedListener.handleEvent(TypedListener.java:180) ~[org.eclipse.swt.win32.win32.x86_64_3.107.0.v20180611-0422.jar:na]
	at org.eclipse.swt.widgets.EventTable.sendEvent(EventTable.java:86) ~[org.eclipse.swt.win32.win32.x86_64_3.107.0.v20180611-0422.jar:na]
	at org.eclipse.swt.widgets.Display.sendEvent(Display.java:4118) ~[org.eclipse.swt.win32.win32.x86_64_3.107.0.v20180611-0422.jar:na]
	at org.eclipse.swt.widgets.Widget.sendEvent(Widget.java:1052) ~[org.eclipse.swt.win32.win32.x86_64_3.107.0.v20180611-0422.jar:na]
	at org.eclipse.swt.widgets.Widget.sendEvent(Widget.java:1076) ~[org.eclipse.swt.win32.win32.x86_64_3.107.0.v20180611-0422.jar:na]
	at org.eclipse.swt.widgets.Widget.sendEvent(Widget.java:1061) ~[org.eclipse.swt.win32.win32.x86_64_3.107.0.v20180611-0422.jar:na]
	at org.eclipse.swt.widgets.Widget.notifyListeners(Widget.java:775) ~[org.eclipse.swt.win32.win32.x86_64_3.107.0.v20180611-0422.jar:na]
	at org.eclipse.swt.custom.StyledText.modifyContent(StyledText.java:7371) ~[org.eclipse.swt.win32.win32.x86_64_3.107.0.v20180611-0422.jar:na]
	at org.eclipse.swt.custom.StyledText.sendKeyEvent(StyledText.java:8227) ~[org.eclipse.swt.win32.win32.x86_64_3.107.0.v20180611-0422.jar:na]
	at org.eclipse.swt.custom.StyledText.doContent(StyledText.java:2499) ~[org.eclipse.swt.win32.win32.x86_64_3.107.0.v20180611-0422.jar:na]
	at org.eclipse.swt.custom.StyledText.handleKey(StyledText.java:6011) ~[org.eclipse.swt.win32.win32.x86_64_3.107.0.v20180611-0422.jar:na]
	at org.eclipse.swt.custom.StyledText.handleKeyDown(StyledText.java:6042) ~[org.eclipse.swt.win32.win32.x86_64_3.107.0.v20180611-0422.jar:na]
	at org.eclipse.swt.custom.StyledText.lambda$1(StyledText.java:5740) ~[org.eclipse.swt.win32.win32.x86_64_3.107.0.v20180611-0422.jar:na]
	at org.eclipse.swt.widgets.EventTable.sendEvent(EventTable.java:86) ~[org.eclipse.swt.win32.win32.x86_64_3.107.0.v20180611-0422.jar:na]
	at org.eclipse.swt.widgets.Display.sendEvent(Display.java:4118) ~[org.eclipse.swt.win32.win32.x86_64_3.107.0.v20180611-0422.jar:na]
	at org.eclipse.swt.widgets.Widget.sendEvent(Widget.java:1052) ~[org.eclipse.swt.win32.win32.x86_64_3.107.0.v20180611-0422.jar:na]
	at org.eclipse.swt.widgets.Widget.sendEvent(Widget.java:1076) ~[org.eclipse.swt.win32.win32.x86_64_3.107.0.v20180611-0422.jar:na]
	at org.eclipse.swt.widgets.Widget.sendEvent(Widget.java:1061) ~[org.eclipse.swt.win32.win32.x86_64_3.107.0.v20180611-0422.jar:na]
	at org.eclipse.swt.widgets.Widget.sendKeyEvent(Widget.java:1103) ~[org.eclipse.swt.win32.win32.x86_64_3.107.0.v20180611-0422.jar:na]
	at org.eclipse.swt.widgets.Widget.sendKeyEvent(Widget.java:1099) ~[org.eclipse.swt.win32.win32.x86_64_3.107.0.v20180611-0422.jar:na]
	at org.eclipse.swt.widgets.Widget.wmChar(Widget.java:1486) ~[org.eclipse.swt.win32.win32.x86_64_3.107.0.v20180611-0422.jar:na]
	at org.eclipse.swt.widgets.Control.WM_CHAR(Control.java:4884) ~[org.eclipse.swt.win32.win32.x86_64_3.107.0.v20180611-0422.jar:na]
	at org.eclipse.swt.widgets.Canvas.WM_CHAR(Canvas.java:350) ~[org.eclipse.swt.win32.win32.x86_64_3.107.0.v20180611-0422.jar:na]
	at org.eclipse.swt.widgets.Control.windowProc(Control.java:4765) ~[org.eclipse.swt.win32.win32.x86_64_3.107.0.v20180611-0422.jar:na]
	at org.eclipse.swt.widgets.Canvas.windowProc(Canvas.java:345) ~[org.eclipse.swt.win32.win32.x86_64_3.107.0.v20180611-0422.jar:na]
	at org.eclipse.swt.widgets.Display.windowProc(Display.java:4757) ~[org.eclipse.swt.win32.win32.x86_64_3.107.0.v20180611-0422.jar:na]
	at org.eclipse.swt.internal.win32.OS.DispatchMessageW(Native Method) ~[org.eclipse.swt.win32.win32.x86_64_3.107.0.v20180611-0422.jar:na]
	at org.eclipse.swt.internal.win32.OS.DispatchMessage(OS.java:2303) ~[org.eclipse.swt.win32.win32.x86_64_3.107.0.v20180611-0422.jar:na]
	at org.eclipse.swt.widgets.Display.readAndDispatch(Display.java:3532) ~[org.eclipse.swt.win32.win32.x86_64_3.107.0.v20180611-0422.jar:na]
	at org.eclipse.e4.ui.internal.workbench.swt.PartRenderingEngine$5.run(PartRenderingEngine.java:1170) ~[na:na]
	at org.eclipse.core.databinding.observable.Realm.runWithDefault(Realm.java:336) ~[na:na]
	at org.eclipse.e4.ui.internal.workbench.swt.PartRenderingEngine.run(PartRenderingEngine.java:1059) ~[na:na]
	at org.eclipse.e4.ui.internal.workbench.E4Workbench.createAndRunUI(E4Workbench.java:153) ~[na:na]
	at org.eclipse.ui.internal.Workbench.lambda$3(Workbench.java:667) ~[na:na]
	at org.eclipse.core.databinding.observable.Realm.runWithDefault(Realm.java:336) ~[na:na]
	at org.eclipse.ui.internal.Workbench.createAndRunWorkbench(Workbench.java:597) ~[na:na]
	at org.eclipse.ui.PlatformUI.createAndRunWorkbench(PlatformUI.java:148) ~[na:na]
	at org.eclipse.ui.internal.ide.application.IDEApplication.start(IDEApplication.java:152) ~[na:na]
	at org.eclipse.equinox.internal.app.EclipseAppHandle.run(EclipseAppHandle.java:196) ~[org.eclipse.equinox.app_1.3.500.v20171221-2204.jar:na]
	at org.eclipse.core.runtime.internal.adaptor.EclipseAppLauncher.runApplication(EclipseAppLauncher.java:134) ~[org.eclipse.osgi_3.13.0.v20180409-1500.jar:na]
	at org.eclipse.core.runtime.internal.adaptor.EclipseAppLauncher.start(EclipseAppLauncher.java:104) ~[org.eclipse.osgi_3.13.0.v20180409-1500.jar:na]
	at org.eclipse.core.runtime.adaptor.EclipseStarter.run(EclipseStarter.java:388) ~[org.eclipse.osgi_3.13.0.v20180409-1500.jar:na]
	at org.eclipse.core.runtime.adaptor.EclipseStarter.run(EclipseStarter.java:243) ~[org.eclipse.osgi_3.13.0.v20180409-1500.jar:na]
	at java.base/jdk.internal.reflect.NativeMethodAccessorImpl.invoke0(Native Method) ~[na:na]
	at java.base/jdk.internal.reflect.NativeMethodAccessorImpl.invoke(Unknown Source) ~[na:na]
	at java.base/jdk.internal.reflect.DelegatingMethodAccessorImpl.invoke(Unknown Source) ~[na:na]
	at java.base/java.lang.reflect.Method.invoke(Unknown Source) ~[na:na]
	at org.eclipse.equinox.launcher.Main.invokeFramework(Main.java:656) ~[org.eclipse.equinox.launcher_1.5.0.v20180512-1130.jar:na]
	at org.eclipse.equinox.launcher.Main.basicRun(Main.java:592) ~[org.eclipse.equinox.launcher_1.5.0.v20180512-1130.jar:na]
	at org.eclipse.equinox.launcher.Main.run(Main.java:1498) ~[org.eclipse.equinox.launcher_1.5.0.v20180512-1130.jar:na]
	at org.eclipse.equinox.launcher.Main.main(Main.java:1471) ~[org.eclipse.equinox.launcher_1.5.0.v20180512-1130.jar:na]
Caused by: org.apache.lucene.queryParser.ParseException: Encountered "<EOF>" at line 1, column 19.
Was expecting one of:
    <RANGEEX_QUOTED> ...
    <RANGEEX_GOOP> ...
    
	at org.apache.lucene.queryParser.QueryParser.generateParseException(QueryParser.java:1818) ~[org.apache.lucene.core_3.5.0.v20120725-1805.jar:3.5.0 1204988 - simon - 2011-11-22 14:46:51]
	at org.apache.lucene.queryParser.QueryParser.jj_consume_token(QueryParser.java:1700) ~[org.apache.lucene.core_3.5.0.v20120725-1805.jar:3.5.0 1204988 - simon - 2011-11-22 14:46:51]
	at org.apache.lucene.queryParser.QueryParser.Term(QueryParser.java:1487) ~[org.apache.lucene.core_3.5.0.v20120725-1805.jar:3.5.0 1204988 - simon - 2011-11-22 14:46:51]
	at org.apache.lucene.queryParser.QueryParser.Clause(QueryParser.java:1309) ~[org.apache.lucene.core_3.5.0.v20120725-1805.jar:3.5.0 1204988 - simon - 2011-11-22 14:46:51]
	at org.apache.lucene.queryParser.QueryParser.Query(QueryParser.java:1266) ~[org.apache.lucene.core_3.5.0.v20120725-1805.jar:3.5.0 1204988 - simon - 2011-11-22 14:46:51]
	at org.apache.lucene.queryParser.QueryParser.TopLevelQuery(QueryParser.java:1226) ~[org.apache.lucene.core_3.5.0.v20120725-1805.jar:3.5.0 1204988 - simon - 2011-11-22 14:46:51]
	at org.apache.lucene.queryParser.QueryParser.parse(QueryParser.java:206) ~[org.apache.lucene.core_3.5.0.v20120725-1805.jar:3.5.0 1204988 - simon - 2011-11-22 14:46:51]
	... 66 common frames omitted
2018-12-23 18:53:12,966 [Worker-4: Loading available Gradle versions] INFO  c.g.t.t.d.PublishedGradleVersions - Gradle version information cache is up-to-date. Trying to read.
2018-12-23 19:17:02,411 [Worker-4: Loading available Gradle versions] INFO  c.g.t.t.d.PublishedGradleVersions - Gradle version information cache is up-to-date. Trying to read.
2018-12-23 20:57:58,951 [Worker-2: Loading available Gradle versions] INFO  c.g.t.t.d.PublishedGradleVersions - Gradle version information cache is up-to-date. Trying to read.
2018-12-23 21:17:04,255 [Worker-0: Loading available Gradle versions] INFO  c.g.t.t.d.PublishedGradleVersions - Gradle version information cache is up-to-date. Trying to read.
2018-12-24 12:46:25,203 [Worker-2: Loading available Gradle versions] INFO  c.g.t.t.d.PublishedGradleVersions - Gradle version information cache is out-of-date. Trying to update.
2018-12-24 16:37:27,071 [Worker-7: Loading available Gradle versions] INFO  c.g.t.t.d.PublishedGradleVersions - Gradle version information cache is up-to-date. Trying to read.
2018-12-24 17:09:29,312 [Worker-12: Loading available Gradle versions] INFO  c.g.t.t.d.PublishedGradleVersions - Gradle version information cache is up-to-date. Trying to read.
2018-12-24 17:25:04,881 [Worker-0: Loading available Gradle versions] INFO  c.g.t.t.d.PublishedGradleVersions - Gradle version information cache is up-to-date. Trying to read.
2018-12-24 17:43:27,325 [Worker-7: Loading available Gradle versions] INFO  c.g.t.t.d.PublishedGradleVersions - Gradle version information cache is up-to-date. Trying to read.
2018-12-25 00:55:05,217 [Worker-6: Loading available Gradle versions] INFO  c.g.t.t.d.PublishedGradleVersions - Gradle version information cache is up-to-date. Trying to read.
2018-12-25 03:54:07,143 [Worker-7: Loading available Gradle versions] INFO  c.g.t.t.d.PublishedGradleVersions - Gradle version information cache is up-to-date. Trying to read.
2018-12-25 13:33:17,189 [Worker-12: Loading available Gradle versions] INFO  c.g.t.t.d.PublishedGradleVersions - Gradle version information cache is out-of-date. Trying to update.
2018-12-26 20:46:43,623 [Worker-5: Loading available Gradle versions] INFO  c.g.t.t.d.PublishedGradleVersions - Gradle version information cache is out-of-date. Trying to update.
2018-12-26 21:18:12,939 [Worker-0: Loading available Gradle versions] INFO  c.g.t.t.d.PublishedGradleVersions - Gradle version information cache is up-to-date. Trying to read.
2018-12-27 00:10:44,107 [Worker-6: Loading available Gradle versions] INFO  c.g.t.t.d.PublishedGradleVersions - Gradle version information cache is up-to-date. Trying to read.
2018-12-27 09:40:43,676 [Worker-11: Loading available Gradle versions] INFO  c.g.t.t.d.PublishedGradleVersions - Gradle version information cache is up-to-date. Trying to read.
2018-12-27 16:17:50,243 [Worker-7: Loading available Gradle versions] INFO  c.g.t.t.d.PublishedGradleVersions - Gradle version information cache is up-to-date. Trying to read.
2018-12-28 14:35:31,929 [Worker-11: Loading available Gradle versions] INFO  c.g.t.t.d.PublishedGradleVersions - Gradle version information cache is out-of-date. Trying to update.
2018-12-29 01:04:46,627 [Worker-1: Loading available Gradle versions] INFO  c.g.t.t.d.PublishedGradleVersions - Gradle version information cache is up-to-date. Trying to read.
2018-12-29 11:57:19,599 [Worker-1: Loading available Gradle versions] INFO  c.g.t.t.d.PublishedGradleVersions - Gradle version information cache is up-to-date. Trying to read.
2018-12-29 12:27:34,862 [Worker-1: Loading available Gradle versions] INFO  c.g.t.t.d.PublishedGradleVersions - Gradle version information cache is up-to-date. Trying to read.
2018-12-29 14:54:39,817 [Worker-4: Loading available Gradle versions] INFO  c.g.t.t.d.PublishedGradleVersions - Gradle version information cache is out-of-date. Trying to update.
2018-12-29 18:17:31,910 [Worker-8: Loading available Gradle versions] INFO  c.g.t.t.d.PublishedGradleVersions - Gradle version information cache is up-to-date. Trying to read.
2018-12-29 18:41:20,977 [Worker-5: Loading available Gradle versions] INFO  c.g.t.t.d.PublishedGradleVersions - Gradle version information cache is up-to-date. Trying to read.
2018-12-29 18:48:56,251 [Worker-0: Loading available Gradle versions] INFO  c.g.t.t.d.PublishedGradleVersions - Gradle version information cache is up-to-date. Trying to read.
2018-12-29 19:08:21,588 [Worker-6: Loading available Gradle versions] INFO  c.g.t.t.d.PublishedGradleVersions - Gradle version information cache is up-to-date. Trying to read.
2018-12-29 22:30:08,521 [Worker-1: Loading available Gradle versions] INFO  c.g.t.t.d.PublishedGradleVersions - Gradle version information cache is up-to-date. Trying to read.
2018-12-29 23:25:26,028 [Worker-7: Loading available Gradle versions] INFO  c.g.t.t.d.PublishedGradleVersions - Gradle version information cache is up-to-date. Trying to read.
2018-12-30 01:51:37,526 [Worker-17: Loading available Gradle versions] INFO  c.g.t.t.d.PublishedGradleVersions - Gradle version information cache is up-to-date. Trying to read.
2018-12-30 14:11:29,934 [Worker-19: Loading available Gradle versions] INFO  c.g.t.t.d.PublishedGradleVersions - Gradle version information cache is up-to-date. Trying to read.
2018-12-31 12:09:17,838 [Worker-5: Loading available Gradle versions] INFO  c.g.t.t.d.PublishedGradleVersions - Gradle version information cache is out-of-date. Trying to update.
2018-12-31 14:57:45,526 [Worker-6: Loading available Gradle versions] INFO  c.g.t.t.d.PublishedGradleVersions - Gradle version information cache is up-to-date. Trying to read.
2018-12-31 16:26:51,081 [Worker-0: Loading available Gradle versions] INFO  c.g.t.t.d.PublishedGradleVersions - Gradle version information cache is up-to-date. Trying to read.
2019-01-01 20:23:54,678 [Worker-14: Loading available Gradle versions] INFO  c.g.t.t.d.PublishedGradleVersions - Gradle version information cache is out-of-date. Trying to update.
2019-01-02 01:33:06,644 [Worker-0: Loading available Gradle versions] INFO  c.g.t.t.d.PublishedGradleVersions - Gradle version information cache is up-to-date. Trying to read.
